<?xml version="1.0" encoding="UTF-8"?>
<!-- Generated by org.testng.reporters.JUnitReportReporter -->
<testsuite hostname="DESKTOP-204I16N" name="testCase.Test_Search_Hotel" tests="1" failures="0" timestamp="12 Feb 2021 08:26:43 GMT" time="1.938" errors="0">
  <testcase name="searchHotel" time="1.938" classname="testCase.Test_Search_Hotel"/>
</testsuite> <!-- testCase.Test_Search_Hotel -->
